<?xml version="1.0" encoding="UTF-8"?>
<testsuite xmlns:xsi="http://www.w3.org/2001/XMLSchema-instance" xsi:noNamespaceSchemaLocation="https://maven.apache.org/surefire/maven-surefire-plugin/xsd/surefire-test-report-3.0.xsd" version="3.0" name="br.ufscar.dc.dsw.EstagioApplicationTests" time="5.946" tests="1" errors="0" skipped="0" failures="0">
  <properties>
[...]
</properties>
  <testcase name="contextLoads" classname="br.ufscar.dc.dsw.EstagioApplicationTests" time="0.434">
    <system-out><![CDATA[14:57:58.186 [main] INFO org.springframework.boot.devtools.restart.RestartApplicationListener -- Restart disabled due to context in which it is running

  .   ____          _            __ _ _
 /\\ / ___'_ __ _ _(_)_ __  __ _ \ \ \ \
( ( )\___ | '_ | '_| | '_ \/ _` | \ \ \ \
 \\/  ___)| |_)| | | | | || (_| |  ) ) ) )
  '  |____| .__|_| |_|_| |_\__, | / / / /
 =========|_|==============|___/=/_/_/_/

 :: Spring Boot ::                (v3.3.2)

2024-08-25T14:57:58.531-03:00  INFO 87538 --- [           main] b.ufscar.dc.dsw.EstagioApplicationTests  : Starting EstagioApplicationTests using Java 22.0.1 with PID 87538 (started by spinelli in /home/spinelli/DSW1/EstagioT2)
2024-08-25T14:57:58.534-03:00  INFO 87538 --- [           main] b.ufscar.dc.dsw.EstagioApplicationTests  : The following 1 profile is active: "demo"
2024-08-25T14:57:59.489-03:00  INFO 87538 --- [           main] .s.d.r.c.RepositoryConfigurationDelegate : Bootstrapping Spring Data JPA repositories in DEFAULT mode.
2024-08-25T14:57:59.554-03:00  INFO 87538 --- [           main] .s.d.r.c.RepositoryConfigurationDelegate : Finished Spring Data repository scanning in 58 ms. Found 6 JPA repository interfaces.
2024-08-25T14:58:00.167-03:00  INFO 87538 --- [           main] o.hibernate.jpa.internal.util.LogHelper  : HHH000204: Processing PersistenceUnitInfo [name: default]
2024-08-25T14:58:00.211-03:00  INFO 87538 --- [           main] org.hibernate.Version                    : HHH000412: Hibernate ORM core version 6.5.2.Final
2024-08-25T14:58:00.238-03:00  INFO 87538 --- [           main] o.h.c.internal.RegionFactoryInitiator    : HHH000026: Second-level cache disabled
2024-08-25T14:58:00.509-03:00  INFO 87538 --- [           main] o.s.o.j.p.SpringPersistenceUnitInfo      : No LoadTimeWeaver setup: ignoring JPA class transformer
2024-08-25T14:58:00.532-03:00  INFO 87538 --- [           main] com.zaxxer.hikari.HikariDataSource       : HikariPool-1 - Starting...
2024-08-25T14:58:00.868-03:00  INFO 87538 --- [           main] com.zaxxer.hikari.pool.HikariPool        : HikariPool-1 - Added connection com.mysql.cj.jdbc.ConnectionImpl@1d8be7b9
2024-08-25T14:58:00.870-03:00  INFO 87538 --- [           main] com.zaxxer.hikari.HikariDataSource       : HikariPool-1 - Start completed.
2024-08-25T14:58:00.911-03:00  WARN 87538 --- [           main] org.hibernate.orm.deprecation            : HHH90000025: MySQLDialect does not need to be specified explicitly using 'hibernate.dialect' (remove the property setting and it will be selected by default)
2024-08-25T14:58:01.822-03:00  INFO 87538 --- [           main] o.h.e.t.j.p.i.JtaPlatformInitiator       : HHH000489: No JTA platform available (set 'hibernate.transaction.jta.platform' to enable JTA platform integration)
2024-08-25T14:58:01.890-03:00  INFO 87538 --- [           main] j.LocalContainerEntityManagerFactoryBean : Initialized JPA EntityManagerFactory for persistence unit 'default'
2024-08-25T14:58:02.343-03:00  INFO 87538 --- [           main] r$InitializeUserDetailsManagerConfigurer : Global AuthenticationManager configured with UserDetailsService bean with name usuarioDetailsService
2024-08-25T14:58:03.016-03:00  INFO 87538 --- [           main] b.ufscar.dc.dsw.EstagioApplicationTests  : Started EstagioApplicationTests in 4.844 seconds (process running for 5.664)
Hibernate: select p1_0.id,p1_0.cpf,p1_0.dataNascimento,p1_0.email,p1_0.nome,p1_0.senha,p1_0.sexo,p1_0.telefone from Profissionais p1_0 where p1_0.email=?
Profissional com email profissional@domain.com já existe.
Hibernate: select e1_0.id,e1_0.cidade,e1_0.cnpj,e1_0.descricao,e1_0.email,e1_0.nome,e1_0.senha from Empresas e1_0 where e1_0.email=?
Empresa com email empresa@domain.com já existe.
]]></system-out>
    <system-err><![CDATA[WARNING: A Java agent has been loaded dynamically (/home/spinelli/.m2/repository/net/bytebuddy/byte-buddy-agent/1.14.18/byte-buddy-agent-1.14.18.jar)
WARNING: If a serviceability tool is in use, please run with -XX:+EnableDynamicAgentLoading to hide this warning
WARNING: If a serviceability tool is not in use, please run with -Djdk.instrument.traceUsage for more information
WARNING: Dynamic loading of agents will be disallowed by default in a future release
]]></system-err>
  </testcase>
</testsuite>